IMKit/build/outputs/logs/manifest-merger-debug-report.txt
-- Merging decision tree log ---
manifest
ADDED from src\main\AndroidManifest.xml:2:1-113:12
INJECTED from src\main\AndroidManifest.xml:2:1-113:12
INJECTED from src\main\AndroidManifest.xml:2:1-113:12
INJECTED from src\main\AndroidManifest.xml:2:1-113:12
INJECTED from src\main\AndroidManifest.xml:2:1-113:12
INJECTED from src\main\AndroidManifest.xml:2:1-113:12
INJECTED from src\main\AndroidManifest.xml:2:1-113:12
	package
		ADDED from src\main\AndroidManifest.xml:3:5-28
		INJECTED from src\main\AndroidManifest.xml
		INJECTED from src\main\AndroidManifest.xml
	android:versionName
		INJECTED from src\main\AndroidManifest.xml
		ADDED from src\main\AndroidManifest.xml:2:1-113:12
		INJECTED from src\main\AndroidManifest.xml
	android:versionCode
		INJECTED from src\main\AndroidManifest.xml
		ADDED from src\main\AndroidManifest.xml:2:1-113:12
		INJECTED from src\main\AndroidManifest.xml
	xmlns:android
		ADDED from src\main\AndroidManifest.xml:2:11-69
uses-permission#android.permission.READ_EXTERNAL_STORAGE
ADDED from src\main\AndroidManifest.xml:6:5-80
	android:name
		ADDED from src\main\AndroidManifest.xml:6:22-77
uses-permission#android.permission.ACCESS_COARSE_LOCATION
ADDED from src\main\AndroidManifest.xml:8:5-81
	android:name
		ADDED from src\main\AndroidManifest.xml:8:22-78
uses-permission#android.permission.CAMERA
ADDED from src\main\AndroidManifest.xml:10:5-65
	android:name
		ADDED from src\main\AndroidManifest.xml:10:22-62
uses-permission#android.permission.WRITE_SETTINGS
ADDED from src\main\AndroidManifest.xml:12:5-73
	android:name
		ADDED from src\main\AndroidManifest.xml:12:22-70
uses-permission#android.permission.SYSTEM_ALERT_WINDOW
ADDED from src\main\AndroidManifest.xml:14:5-78
	android:name
		ADDED from src\main\AndroidManifest.xml:14:22-75
uses-permission#android.permission.INTERACT_ACROSS_USERS_FULL
ADDED from src\main\AndroidManifest.xml:15:5-85
	android:name
		ADDED from src\main\AndroidManifest.xml:15:22-82
uses-permission#android.permission.CHANGE_WIFI_STATE
ADDED from src\main\AndroidManifest.xml:17:5-76
	android:name
		ADDED from src\main\AndroidManifest.xml:17:22-73
uses-permission#android.permission.RECORD_AUDIO
ADDED from src\main\AndroidManifest.xml:19:5-71
	android:name
		ADDED from src\main\AndroidManifest.xml:19:22-68
uses-permission#android.permission.GET_TASKS
ADDED from src\main\AndroidManifest.xml:21:5-68
	android:name
		ADDED from src\main\AndroidManifest.xml:21:22-65
uses-permission#android.permission.REQUEST_INSTALL_PACKAGES
ADDED from src\main\AndroidManifest.xml:23:5-83
	android:name
		ADDED from src\main\AndroidManifest.xml:23:22-80
application
ADDED from src\main\AndroidManifest.xml:25:5-111:19
activity#io.rong.imkit.plugin.location.AMapLocationActivity
ADDED from src\main\AndroidManifest.xml:27:9-29:52
	android:screenOrientation
		ADDED from src\main\AndroidManifest.xml:29:13-49
	android:name
		ADDED from src\main\AndroidManifest.xml:28:13-78
activity#io.rong.imkit.plugin.location.AMapLocationActivity2D
ADDED from src\main\AndroidManifest.xml:30:9-32:52
	android:screenOrientation
		ADDED from src\main\AndroidManifest.xml:32:13-49
	android:name
		ADDED from src\main\AndroidManifest.xml:31:13-80
activity#io.rong.imkit.plugin.location.AMapPreviewActivity
ADDED from src\main\AndroidManifest.xml:34:9-86
	android:name
		ADDED from src\main\AndroidManifest.xml:34:19-83
activity#io.rong.imkit.plugin.location.AMapPreviewActivity2D
ADDED from src\main\AndroidManifest.xml:35:9-88
	android:name
		ADDED from src\main\AndroidManifest.xml:35:19-85
activity#io.rong.imkit.plugin.location.AMapRealTimeActivity
ADDED from src\main\AndroidManifest.xml:37:9-87
	android:name
		ADDED from src\main\AndroidManifest.xml:37:19-84
activity#io.rong.imkit.plugin.location.AMapRealTimeActivity2D
ADDED from src\main\AndroidManifest.xml:38:9-89
	android:name
		ADDED from src\main\AndroidManifest.xml:38:19-86
activity#io.rong.imkit.plugin.location.SearchLocationActivity
ADDED from src\main\AndroidManifest.xml:40:9-43:71
	android:screenOrientation
		ADDED from src\main\AndroidManifest.xml:42:13-49
	android:windowSoftInputMode
		ADDED from src\main\AndroidManifest.xml:43:13-68
	android:name
		ADDED from src\main\AndroidManifest.xml:41:13-80
activity#io.rong.imkit.plugin.image.PictureSelectorActivity
ADDED from src\main\AndroidManifest.xml:45:9-47:52
	android:screenOrientation
		ADDED from src\main\AndroidManifest.xml:47:13-49
	android:name
		ADDED from src\main\AndroidManifest.xml:46:13-78
activity#io.rong.imkit.plugin.image.PicturePreviewActivity
ADDED from src\main\AndroidManifest.xml:49:9-51:52
	android:screenOrientation
		ADDED from src\main\AndroidManifest.xml:51:13-49
	android:name
		ADDED from src\main\AndroidManifest.xml:50:13-77
activity#io.rong.imkit.tools.RongWebviewActivity
ADDED from src\main\AndroidManifest.xml:54:9-62:20
	android:screenOrientation
		ADDED from src\main\AndroidManifest.xml:57:13-49
	android:exported
		ADDED from src\main\AndroidManifest.xml:56:13-37
	android:name
		ADDED from src\main\AndroidManifest.xml:55:13-67
intent-filter#action:name:io.rong.imkit.intent.action.webview+category:name:android.intent.category.DEFAULT
ADDED from src\main\AndroidManifest.xml:58:13-61:29
action#io.rong.imkit.intent.action.webview
ADDED from src\main\AndroidManifest.xml:59:17-78
	android:name
		ADDED from src\main\AndroidManifest.xml:59:25-75
category#android.intent.category.DEFAULT
ADDED from src\main\AndroidManifest.xml:60:17-76
	android:name
		ADDED from src\main\AndroidManifest.xml:60:27-73
activity#io.rong.imkit.widget.provider.TakingPicturesActivity
ADDED from src\main\AndroidManifest.xml:64:9-67:52
	android:screenOrientation
		ADDED from src\main\AndroidManifest.xml:67:13-49
	android:configChanges
		ADDED from src\main\AndroidManifest.xml:66:13-63
	android:name
		ADDED from src\main\AndroidManifest.xml:65:13-80
activity#io.rong.imkit.activity.PicturePagerActivity
ADDED from src\main\AndroidManifest.xml:69:9-77:20
	android:exported
		ADDED from src\main\AndroidManifest.xml:71:13-37
	android:theme
		ADDED from src\main\AndroidManifest.xml:72:13-71
	android:name
		ADDED from src\main\AndroidManifest.xml:70:13-71
intent-filter#action:name:io.rong.imkit.intent.action.picturepagerview+category:name:android.intent.category.DEFAULT
ADDED from src\main\AndroidManifest.xml:73:13-76:29
action#io.rong.imkit.intent.action.picturepagerview
ADDED from src\main\AndroidManifest.xml:74:17-87
	android:name
		ADDED from src\main\AndroidManifest.xml:74:25-84
activity#io.rong.imkit.mention.MemberMentionedActivity
ADDED from src\main\AndroidManifest.xml:79:9-82:67
	android:windowSoftInputMode
		ADDED from src\main\AndroidManifest.xml:82:13-64
	android:configChanges
		ADDED from src\main\AndroidManifest.xml:81:13-63
	android:name
		ADDED from src\main\AndroidManifest.xml:80:13-73
activity#io.rong.imkit.activity.FileManagerActivity
ADDED from src\main\AndroidManifest.xml:83:9-79
	android:name
		ADDED from src\main\AndroidManifest.xml:83:19-76
activity#io.rong.imkit.activity.FileListActivity
ADDED from src\main\AndroidManifest.xml:84:9-76
	android:name
		ADDED from src\main\AndroidManifest.xml:84:19-73
activity#io.rong.imkit.activity.FilePreviewActivity
ADDED from src\main\AndroidManifest.xml:85:9-93:20
	android:screenOrientation
		ADDED from src\main\AndroidManifest.xml:88:13-49
	android:exported
		ADDED from src\main\AndroidManifest.xml:87:13-37
	android:name
		ADDED from src\main\AndroidManifest.xml:86:13-70
intent-filter#action:name:io.rong.imkit.intent.action.openfile+category:name:android.intent.category.DEFAULT
ADDED from src\main\AndroidManifest.xml:89:13-92:29
action#io.rong.imkit.intent.action.openfile
ADDED from src\main\AndroidManifest.xml:90:17-79
	android:name
		ADDED from src\main\AndroidManifest.xml:90:25-76
activity#io.rong.imkit.activity.CSLeaveMessageActivity
ADDED from src\main\AndroidManifest.xml:95:9-98:52
	android:screenOrientation
		ADDED from src\main\AndroidManifest.xml:98:13-49
	android:configChanges
		ADDED from src\main\AndroidManifest.xml:97:13-63
	android:name
		ADDED from src\main\AndroidManifest.xml:96:13-60
uses-sdk
INJECTED from src\main\AndroidManifest.xml reason: use-sdk injection requested
INJECTED from src\main\AndroidManifest.xml
INJECTED from src\main\AndroidManifest.xml
INJECTED from src\main\AndroidManifest.xml
INJECTED from src\main\AndroidManifest.xml
	android:targetSdkVersion
		INJECTED from src\main\AndroidManifest.xml
		ADDED from src\main\AndroidManifest.xml
		INJECTED from src\main\AndroidManifest.xml
	android:minSdkVersion
		INJECTED from src\main\AndroidManifest.xml
		ADDED from src\main\AndroidManifest.xml
		INJECTED from src\main\AndroidManifest.xml